# JRE version: OpenJDK Runtime Environment (17.0.7) (build 17.0.7+0-b2043.56-10550314)
# Java VM: OpenJDK 64-Bit Server VM (17.0.7+0-b2043.56-10550314, mixed mode, tiered, compressed oops, compressed class ptrs, g1 gc, windows-amd64)
GC Precious Log:
 CPUs: 4 total, 4 available
 Memory: 8042M
 Large Page Support: Disabled
 NUMA Support: Disabled
 Compressed Oops: Enabled (32-bit)
 Heap Region Size: 1M
 Heap Min Capacity: 8M
 Heap Initial Capacity: 126M
 Heap Max Capacity: 2G
 Pre-touch: Disabled
 Parallel Workers: 4
 Concurrent Workers: 1
 Concurrent Refinement Workers: 4
 Periodic GC: Disabled
Heap:
 garbage-first heap   total 510976K, used 368465K [0x0000000080000000, 0x0000000100000000)
  region size 1024K, 86 young (88064K), 2 survivors (2048K)
 Metaspace       used 138413K, committed 139584K, reserved 1179648K
  class space    used 18770K, committed 19328K, reserved 1048576K
GC Heap History (20 events):
Event: 386.269 GC heap before
{Heap before GC invocations=63 (full 0):
 garbage-first heap   total 291840K, used 249095K [0x0000000080000000, 0x0000000100000000)
  region size 1024K, 46 young (47104K), 1 survivors (1024K)
 Metaspace       used 137655K, committed 138752K, reserved 1179648K
  class space    used 18747K, committed 19264K, reserved 1048576K
}
Event: 386.293 GC heap after
{Heap after GC invocations=64 (full 0):
 garbage-first heap   total 291840K, used 209246K [0x0000000080000000, 0x0000000100000000)
  region size 1024K, 6 young (6144K), 6 survivors (6144K)
 Metaspace       used 137655K, committed 138752K, reserved 1179648K
  class space    used 18747K, committed 19264K, reserved 1048576K
}
Event: 388.028 GC heap before
{Heap before GC invocations=64 (full 0):
 garbage-first heap   total 291840K, used 246110K [0x0000000080000000, 0x0000000100000000)
  region size 1024K, 42 young (43008K), 6 survivors (6144K)
 Metaspace       used 137759K, committed 138816K, reserved 1179648K
  class space    used 18747K, committed 19264K, reserved 1048576K
}
Event: 388.037 GC heap after
{Heap after GC invocations=65 (full 0):
 garbage-first heap   total 291840K, used 209930K [0x0000000080000000, 0x0000000100000000)
  region size 1024K, 1 young (1024K), 1 survivors (1024K)
 Metaspace       used 137759K, committed 138816K, reserved 1179648K
  class space    used 18747K, committed 19264K, reserved 1048576K
}
Event: 389.291 GC heap before
{Heap before GC invocations=65 (full 0):
 garbage-first heap   total 291840K, used 248842K [0x0000000080000000, 0x0000000100000000)
  region size 1024K, 39 young (39936K), 1 survivors (1024K)
 Metaspace       used 137809K, committed 138880K, reserved 1179648K
  class space    used 18748K, committed 19264K, reserved 1048576K
}
Event: 389.308 GC heap after
{Heap after GC invocations=66 (full 0):
 garbage-first heap   total 291840K, used 216672K [0x0000000080000000, 0x0000000100000000)
  region size 1024K, 5 young (5120K), 5 survivors (5120K)
 Metaspace       used 137809K, committed 138880K, reserved 1179648K
  class space    used 18748K, committed 19264K, reserved 1048576K
}
Event: 390.704 GC heap before
{Heap before GC invocations=66 (full 0):
 garbage-first heap   total 291840K, used 254560K [0x0000000080000000, 0x0000000100000000)
  region size 1024K, 21 young (21504K), 5 survivors (5120K)
 Metaspace       used 137855K, committed 138944K, reserved 1179648K
  class space    used 18750K, committed 19264K, reserved 1048576K
}
Event: 390.723 GC heap after
{Heap after GC invocations=67 (full 0):
 garbage-first heap   total 291840K, used 223899K [0x0000000080000000, 0x0000000100000000)
  region size 1024K, 2 young (2048K), 2 survivors (2048K)
 Metaspace       used 137855K, committed 138944K, reserved 1179648K
  class space    used 18750K, committed 19264K, reserved 1048576K
}
Event: 596.473 GC heap before
{Heap before GC invocations=67 (full 0):
 garbage-first heap   total 291840K, used 253595K [0x0000000080000000, 0x0000000100000000)
  region size 1024K, 27 young (27648K), 2 survivors (2048K)
 Metaspace       used 137935K, committed 139008K, reserved 1179648K
  class space    used 18755K, committed 19264K, reserved 1048576K
}
Event: 596.511 GC heap after
{Heap after GC invocations=68 (full 0):
 garbage-first heap   total 291840K, used 218218K [0x0000000080000000, 0x0000000100000000)
  region size 1024K, 2 young (2048K), 2 survivors (2048K)
 Metaspace       used 137935K, committed 139008K, reserved 1179648K
  class space    used 18755K, committed 19264K, reserved 1048576K
}
Event: 597.522 GC heap before
{Heap before GC invocations=68 (full 0):
 garbage-first heap   total 291840K, used 249962K [0x0000000080000000, 0x0000000100000000)
  region size 1024K, 33 young (33792K), 2 survivors (2048K)
 Metaspace       used 138041K, committed 139136K, reserved 1179648K
  class space    used 18755K, committed 19264K, reserved 1048576K
}
Event: 597.547 GC heap after
{Heap after GC invocations=69 (full 0):
 garbage-first heap   total 291840K, used 222208K [0x0000000080000000, 0x0000000100000000)
  region size 1024K, 5 young (5120K), 5 survivors (5120K)
 Metaspace       used 138041K, committed 139136K, reserved 1179648K
  class space    used 18755K, committed 19264K, reserved 1048576K
}
Event: 598.411 GC heap before
{Heap before GC invocations=69 (full 0):
 garbage-first heap   total 291840K, used 252928K [0x0000000080000000, 0x0000000100000000)
  region size 1024K, 33 young (33792K), 5 survivors (5120K)
 Metaspace       used 138131K, committed 139264K, reserved 1179648K
  class space    used 18762K, committed 19328K, reserved 1048576K
}
Event: 598.435 GC heap after
{Heap after GC invocations=70 (full 0):
 garbage-first heap   total 291840K, used 232971K [0x0000000080000000, 0x0000000100000000)
  region size 1024K, 5 young (5120K), 5 survivors (5120K)
 Metaspace       used 138131K, committed 139264K, reserved 1179648K
  class space    used 18762K, committed 19328K, reserved 1048576K
}
Event: 598.566 GC heap before
{Heap before GC invocations=70 (full 0):
 garbage-first heap   total 291840K, used 249355K [0x0000000080000000, 0x0000000100000000)
  region size 1024K, 22 young (22528K), 5 survivors (5120K)
 Metaspace       used 138152K, committed 139264K, reserved 1179648K
  class space    used 18762K, committed 19328K, reserved 1048576K
}
Event: 598.599 GC heap after
{Heap after GC invocations=71 (full 0):
 garbage-first heap   total 291840K, used 244614K [0x0000000080000000, 0x0000000100000000)
  region size 1024K, 3 young (3072K), 3 survivors (3072K)
 Metaspace       used 138152K, committed 139264K, reserved 1179648K
  class space    used 18762K, committed 19328K, reserved 1048576K
}
Event: 598.774 GC heap before
{Heap before GC invocations=71 (full 0):
 garbage-first heap   total 291840K, used 254854K [0x0000000080000000, 0x0000000100000000)
  region size 1024K, 14 young (14336K), 3 survivors (3072K)
 Metaspace       used 138160K, committed 139264K, reserved 1179648K
  class space    used 18762K, committed 19328K, reserved 1048576K
}
Event: 598.786 GC heap after
{Heap after GC invocations=72 (full 0):
 garbage-first heap   total 291840K, used 247135K [0x0000000080000000, 0x0000000100000000)
  region size 1024K, 2 young (2048K), 2 survivors (2048K)
 Metaspace       used 138160K, committed 139264K, reserved 1179648K
  class space    used 18762K, committed 19328K, reserved 1048576K
}
Event: 598.927 GC heap before
{Heap before GC invocations=72 (full 0):
 garbage-first heap   total 291840K, used 257375K [0x0000000080000000, 0x0000000100000000)
  region size 1024K, 14 young (14336K), 2 survivors (2048K)
 Metaspace       used 138184K, committed 139264K, reserved 1179648K
  class space    used 18763K, committed 19328K, reserved 1048576K
}
Event: 598.960 GC heap after
{Heap after GC invocations=73 (full 0):
 garbage-first heap   total 510976K, used 255825K [0x0000000080000000, 0x0000000100000000)
  region size 1024K, 2 young (2048K), 2 survivors (2048K)
 Metaspace       used 138184K, committed 139264K, reserved 1179648K
  class space    used 18763K, committed 19328K, reserved 1048576K
}

