# JRE version: OpenJDK Runtime Environment (17.0.7) (build 17.0.7+0-b2043.56-10550314)
# Java VM: OpenJDK 64-Bit Server VM (17.0.7+0-b2043.56-10550314, mixed mode, tiered, compressed oops, compressed class ptrs, g1 gc, windows-amd64)
GC Precious Log:
 CPUs: 4 total, 4 available
 Memory: 8042M
 Large Page Support: Disabled
 NUMA Support: Disabled
 Compressed Oops: Enabled (32-bit)
 Heap Region Size: 1M
 Heap Min Capacity: 8M
 Heap Initial Capacity: 126M
 Heap Max Capacity: 2G
 Pre-touch: Disabled
 Parallel Workers: 4
 Concurrent Workers: 1
 Concurrent Refinement Workers: 4
 Periodic GC: Disabled
Heap:
 garbage-first heap   total 503808K, used 262620K [0x0000000080000000, 0x0000000100000000)
  region size 1024K, 2 young (2048K), 2 survivors (2048K)
 Metaspace       used 153118K, committed 154560K, reserved 1245184K
  class space    used 20697K, committed 21376K, reserved 1048576K
GC Heap History (20 events):
Event: 856.490 GC heap after
{Heap after GC invocations=63 (full 0):
 garbage-first heap   total 457728K, used 204122K [0x0000000080000000, 0x0000000100000000)
  region size 1024K, 2 young (2048K), 2 survivors (2048K)
 Metaspace       used 140366K, committed 141504K, reserved 1179648K
  class space    used 19184K, committed 19712K, reserved 1048576K
}
Event: 857.709 GC heap before
{Heap before GC invocations=63 (full 0):
 garbage-first heap   total 457728K, used 231770K [0x0000000080000000, 0x0000000100000000)
  region size 1024K, 31 young (31744K), 2 survivors (2048K)
 Metaspace       used 141473K, committed 142592K, reserved 1179648K
  class space    used 19330K, committed 19840K, reserved 1048576K
}
Event: 857.727 GC heap after
{Heap after GC invocations=64 (full 0):
 garbage-first heap   total 457728K, used 204535K [0x0000000080000000, 0x0000000100000000)
  region size 1024K, 3 young (3072K), 3 survivors (3072K)
 Metaspace       used 141473K, committed 142592K, reserved 1179648K
  class space    used 19330K, committed 19840K, reserved 1048576K
}
Event: 861.790 GC heap before
{Heap before GC invocations=65 (full 0):
 garbage-first heap   total 457728K, used 373495K [0x0000000080000000, 0x0000000100000000)
  region size 1024K, 166 young (169984K), 3 survivors (3072K)
 Metaspace       used 141454K, committed 142592K, reserved 1179648K
  class space    used 19325K, committed 19840K, reserved 1048576K
}
Event: 861.839 GC heap after
{Heap after GC invocations=66 (full 0):
 garbage-first heap   total 457728K, used 227496K [0x0000000080000000, 0x0000000100000000)
  region size 1024K, 21 young (21504K), 21 survivors (21504K)
 Metaspace       used 141454K, committed 142592K, reserved 1179648K
  class space    used 19325K, committed 19840K, reserved 1048576K
}
Event: 861.919 GC heap before
{Heap before GC invocations=66 (full 0):
 garbage-first heap   total 457728K, used 228520K [0x0000000080000000, 0x0000000100000000)
  region size 1024K, 22 young (22528K), 21 survivors (21504K)
 Metaspace       used 141454K, committed 142592K, reserved 1179648K
  class space    used 19325K, committed 19840K, reserved 1048576K
}
Event: 861.965 GC heap after
{Heap after GC invocations=67 (full 0):
 garbage-first heap   total 457728K, used 223877K [0x0000000080000000, 0x0000000100000000)
  region size 1024K, 2 young (2048K), 2 survivors (2048K)
 Metaspace       used 141454K, committed 142592K, reserved 1179648K
  class space    used 19325K, committed 19840K, reserved 1048576K
}
Event: 865.373 GC heap before
{Heap before GC invocations=67 (full 0):
 garbage-first heap   total 457728K, used 369285K [0x0000000080000000, 0x0000000100000000)
  region size 1024K, 144 young (147456K), 2 survivors (2048K)
 Metaspace       used 141454K, committed 142592K, reserved 1179648K
  class space    used 19325K, committed 19840K, reserved 1048576K
}
Event: 865.408 GC heap after
{Heap after GC invocations=68 (full 0):
 garbage-first heap   total 457728K, used 229623K [0x0000000080000000, 0x0000000100000000)
  region size 1024K, 8 young (8192K), 8 survivors (8192K)
 Metaspace       used 141454K, committed 142592K, reserved 1179648K
  class space    used 19325K, committed 19840K, reserved 1048576K
}
Event: 869.158 GC heap before
{Heap before GC invocations=69 (full 0):
 garbage-first heap   total 503808K, used 391415K [0x0000000080000000, 0x0000000100000000)
  region size 1024K, 149 young (152576K), 8 survivors (8192K)
 Metaspace       used 147014K, committed 148096K, reserved 1179648K
  class space    used 19923K, committed 20416K, reserved 1048576K
}
Event: 869.191 GC heap after
{Heap after GC invocations=70 (full 0):
 garbage-first heap   total 503808K, used 243925K [0x0000000080000000, 0x0000000100000000)
  region size 1024K, 19 young (19456K), 19 survivors (19456K)
 Metaspace       used 147014K, committed 148096K, reserved 1179648K
  class space    used 19923K, committed 20416K, reserved 1048576K
}
Event: 869.656 GC heap before
{Heap before GC invocations=70 (full 0):
 garbage-first heap   total 503808K, used 249045K [0x0000000080000000, 0x0000000100000000)
  region size 1024K, 24 young (24576K), 19 survivors (19456K)
 Metaspace       used 147049K, committed 148096K, reserved 1179648K
  class space    used 19925K, committed 20416K, reserved 1048576K
}
Event: 869.707 GC heap after
{Heap after GC invocations=71 (full 0):
 garbage-first heap   total 503808K, used 241154K [0x0000000080000000, 0x0000000100000000)
  region size 1024K, 2 young (2048K), 2 survivors (2048K)
 Metaspace       used 147049K, committed 148096K, reserved 1179648K
  class space    used 19925K, committed 20416K, reserved 1048576K
}
Event: 1582.621 GC heap before
{Heap before GC invocations=71 (full 0):
 garbage-first heap   total 503808K, used 401922K [0x0000000080000000, 0x0000000100000000)
  region size 1024K, 160 young (163840K), 2 survivors (2048K)
 Metaspace       used 152490K, committed 153856K, reserved 1245184K
  class space    used 20658K, committed 21312K, reserved 1048576K
}
Event: 1582.810 GC heap after
{Heap after GC invocations=72 (full 0):
 garbage-first heap   total 503808K, used 250370K [0x0000000080000000, 0x0000000100000000)
  region size 1024K, 11 young (11264K), 11 survivors (11264K)
 Metaspace       used 152490K, committed 153856K, reserved 1245184K
  class space    used 20658K, committed 21312K, reserved 1048576K
}
Event: 1600.421 GC heap before
{Heap before GC invocations=73 (full 0):
 garbage-first heap   total 503808K, used 438786K [0x0000000080000000, 0x0000000100000000)
  region size 1024K, 165 young (168960K), 11 survivors (11264K)
 Metaspace       used 152974K, committed 154368K, reserved 1245184K
  class space    used 20690K, committed 21376K, reserved 1048576K
}
Event: 1600.509 GC heap after
{Heap after GC invocations=74 (full 0):
 garbage-first heap   total 503808K, used 264192K [0x0000000080000000, 0x0000000100000000)
  region size 1024K, 21 young (21504K), 21 survivors (21504K)
 Metaspace       used 152974K, committed 154368K, reserved 1245184K
  class space    used 20690K, committed 21376K, reserved 1048576K
}
Event: 1600.569 GC heap before
{Heap before GC invocations=74 (full 0):
 garbage-first heap   total 503808K, used 266240K [0x0000000080000000, 0x0000000100000000)
  region size 1024K, 24 young (24576K), 21 survivors (21504K)
 Metaspace       used 152974K, committed 154368K, reserved 1245184K
  class space    used 20690K, committed 21376K, reserved 1048576K
}
Event: 1600.621 GC heap after
{Heap after GC invocations=75 (full 0):
 garbage-first heap   total 503808K, used 262656K [0x0000000080000000, 0x0000000100000000)
  region size 1024K, 2 young (2048K), 2 survivors (2048K)
 Metaspace       used 152974K, committed 154368K, reserved 1245184K
  class space    used 20690K, committed 21376K, reserved 1048576K
}
Event: 1618.893 GC heap before
{Heap before GC invocations=75 (full 0):
 garbage-first heap   total 503808K, used 360960K [0x0000000080000000, 0x0000000100000000)
  region size 1024K, 100 young (102400K), 2 survivors (2048K)
 Metaspace       used 153118K, committed 154560K, reserved 1245184K
  class space    used 20697K, committed 21376K, reserved 1048576K
}

